<?xml version="1.0" encoding="UTF-8"?>
<!-- Generated by org.testng.reporters.JUnitReportReporter -->
<testsuite skipped="0" hostname="LAPTOP-HD8OL37R" name="Com.sb.qa.testcases.DashboardPageTest" tests="1" failures="0" timestamp="2019-08-15T00:48:31 IST" time="43.392" errors="0">
  <testcase name="DashboardPagetitleTest" time="43.392" classname="Com.sb.qa.testcases.DashboardPageTest"/>
</testsuite> <!-- Com.sb.qa.testcases.DashboardPageTest -->
