<?xml version="1.0" encoding="UTF-8"?>
<!-- Generated by org.testng.reporters.JUnitReportReporter -->
<testsuite skipped="0" hostname="LAPTOP-HD8OL37R" name="Com.sb.qa.testcases.LandingPageTest" tests="2" failures="0" timestamp="2020-03-15T10:52:48 IST" time="66.722" errors="0">
  <testcase name="LandingPagetitleTest" time="41.559" classname="Com.sb.qa.testcases.LandingPageTest"/>
  <testcase name="Clicklogingbutton" time="25.163" classname="Com.sb.qa.testcases.LandingPageTest"/>
</testsuite> <!-- Com.sb.qa.testcases.LandingPageTest -->
