<?xml version="1.0" encoding="UTF-8"?>
<!-- Generated by org.testng.reporters.JUnitReportReporter -->
<testsuite skipped="0" hostname="LAPTOP-HD8OL37R" name="Com.sb.qa.testcases.LoginPageTest" tests="2" failures="0" timestamp="2020-03-15T11:06:25 IST" time="71.547" errors="0">
  <testcase name="LoginPagetitleTest" time="34.641" classname="Com.sb.qa.testcases.LoginPageTest"/>
  <testcase name="LoginTest" time="36.906" classname="Com.sb.qa.testcases.LoginPageTest"/>
</testsuite> <!-- Com.sb.qa.testcases.LoginPageTest -->
